#! /c/Source/iverilog-install/bin/vvp
:ivl_version "12.0 (devel)" "(s20150603-1539-g2693dd32b)";
:ivl_delay_selection "TYPICAL";
:vpi_time_precision + 0;
:vpi_module "C:\iverilog\lib\ivl\system.vpi";
:vpi_module "C:\iverilog\lib\ivl\vhdl_sys.vpi";
:vpi_module "C:\iverilog\lib\ivl\vhdl_textio.vpi";
:vpi_module "C:\iverilog\lib\ivl\v2005_math.vpi";
:vpi_module "C:\iverilog\lib\ivl\va_math.vpi";
S_000001d977ae2df0 .scope module, "decoder" "decoder" 2 1;
 .timescale 0 0;
    .port_info 0 /INPUT 38 "rcvd_data";
    .port_info 1 /OUTPUT 32 "dec_data";
v000001d977ae2f80_0 .var "dec_data", 31 0;
v000001d977bdeed0_0 .var/i "i", 31 0;
v000001d977ae3020_0 .var/i "mptr", 31 0;
v000001d977ae30c0_0 .var/i "pptr", 31 0;
o000001d977b17078 .functor BUFZ 38, C4<zzzzzzzzzzzzzzzzzzzzzzzzzzzzzzzzzzzzzz>; HiZ drive
v000001d977bdb570_0 .net "rcvd_data", 37 0, o000001d977b17078;  0 drivers
E_000001d977bdcc40 .event anyedge, v000001d977ae30c0_0, v000001d977bdb570_0;
    .scope S_000001d977ae2df0;
T_0 ;
    %wait E_000001d977bdcc40;
    %pushi/vec4 0, 0, 32;
    %store/vec4 v000001d977ae3020_0, 0, 32;
    %pushi/vec4 0, 0, 32;
    %store/vec4 v000001d977ae30c0_0, 0, 32;
    %pushi/vec4 0, 0, 32;
    %store/vec4 v000001d977bdeed0_0, 0, 32;
T_0.0 ;
    %load/vec4 v000001d977bdeed0_0;
    %cmpi/s 38, 0, 32;
    %jmp/0xz T_0.1, 5;
    %load/vec4 v000001d977bdeed0_0;
    %pushi/vec4 2, 0, 32;
    %load/vec4 v000001d977ae30c0_0;
    %pow/s;
    %subi 1, 0, 32;
    %cmp/e;
    %jmp/0xz  T_0.2, 4;
    %load/vec4 v000001d977ae30c0_0;
    %addi 1, 0, 32;
    %store/vec4 v000001d977ae30c0_0, 0, 32;
    %jmp T_0.3;
T_0.2 ;
    %load/vec4 v000001d977bdb570_0;
    %load/vec4 v000001d977bdeed0_0;
    %part/s 1;
    %ix/getv/s 4, v000001d977bdeed0_0;
    %store/vec4 v000001d977ae2f80_0, 4, 1;
T_0.3 ;
    %load/vec4 v000001d977bdeed0_0;
    %addi 1, 0, 32;
    %store/vec4 v000001d977bdeed0_0, 0, 32;
    %jmp T_0.0;
T_0.1 ;
    %jmp T_0;
    .thread T_0, $push;
# The file index is used to find the file name in the following table.
:file_names 3;
    "N/A";
    "<interactive>";
    "decoder.v";
